[INFO  - 2016-05-02T21:08:11.740Z] GhostDriver - Main - running on port 37843
[INFO  - 2016-05-02T21:08:11.929Z] Session [fa7ad450-10a9-11e6-8dfa-dfc3ec98b53a] - page.settings - {"XSSAuditingEnabled":false,"javascriptCanCloseWindows":true,"javascriptCanOpenWindows":true,"javascriptEnabled":true,"loadImages":true,"localToRemoteUrlAccessEnabled":false,"userAgent":"Mozilla/5.0 (Windows NT 6.1; WOW64) AppleWebKit/538.1 (KHTML, like Gecko) PhantomJS/2.1.1 Safari/538.1","webSecurityEnabled":true}
[INFO  - 2016-05-02T21:08:11.929Z] Session [fa7ad450-10a9-11e6-8dfa-dfc3ec98b53a] - page.customHeaders:  - {}
[INFO  - 2016-05-02T21:08:11.929Z] Session [fa7ad450-10a9-11e6-8dfa-dfc3ec98b53a] - Session.negotiatedCapabilities - {"browserName":"phantomjs","version":"2.1.1","driverName":"ghostdriver","driverVersion":"1.2.0","platform":"windows-7-32bit","javascriptEnabled":true,"takesScreenshot":true,"handlesAlerts":false,"databaseEnabled":false,"locationContextEnabled":false,"applicationCacheEnabled":false,"browserConnectionEnabled":false,"cssSelectorsEnabled":true,"webStorageEnabled":false,"rotatable":false,"acceptSslCerts":false,"nativeEvents":true,"proxy":{"proxyType":"direct"}}
[INFO  - 2016-05-02T21:08:11.930Z] SessionManagerReqHand - _postNewSessionCommand - New Session Created: fa7ad450-10a9-11e6-8dfa-dfc3ec98b53a
[INFO  - 2016-05-02T21:13:11.751Z] SessionManagerReqHand - _cleanupWindowlessSessions - Asynchronous Sessions clean-up phase starting NOW
[INFO  - 2016-05-02T21:18:11.751Z] SessionManagerReqHand - _cleanupWindowlessSessions - Asynchronous Sessions clean-up phase starting NOW
[INFO  - 2016-05-02T21:23:11.751Z] SessionManagerReqHand - _cleanupWindowlessSessions - Asynchronous Sessions clean-up phase starting NOW
[INFO  - 2016-05-02T21:28:11.751Z] SessionManagerReqHand - _cleanupWindowlessSessions - Asynchronous Sessions clean-up phase starting NOW
[INFO  - 2016-05-02T21:33:11.814Z] SessionManagerReqHand - _cleanupWindowlessSessions - Asynchronous Sessions clean-up phase starting NOW
[INFO  - 2016-05-02T21:38:11.828Z] SessionManagerReqHand - _cleanupWindowlessSessions - Asynchronous Sessions clean-up phase starting NOW
[INFO  - 2016-05-02T21:43:11.828Z] SessionManagerReqHand - _cleanupWindowlessSessions - Asynchronous Sessions clean-up phase starting NOW
[INFO  - 2016-05-02T21:48:11.877Z] SessionManagerReqHand - _cleanupWindowlessSessions - Asynchronous Sessions clean-up phase starting NOW
[INFO  - 2016-05-02T21:53:11.877Z] SessionManagerReqHand - _cleanupWindowlessSessions - Asynchronous Sessions clean-up phase starting NOW
[INFO  - 2016-05-02T21:58:11.877Z] SessionManagerReqHand - _cleanupWindowlessSessions - Asynchronous Sessions clean-up phase starting NOW
[INFO  - 2016-05-02T22:03:11.878Z] SessionManagerReqHand - _cleanupWindowlessSessions - Asynchronous Sessions clean-up phase starting NOW
[INFO  - 2016-05-02T22:08:11.879Z] SessionManagerReqHand - _cleanupWindowlessSessions - Asynchronous Sessions clean-up phase starting NOW
[INFO  - 2016-05-02T22:13:11.924Z] SessionManagerReqHand - _cleanupWindowlessSessions - Asynchronous Sessions clean-up phase starting NOW
[INFO  - 2016-05-02T22:18:11.924Z] SessionManagerReqHand - _cleanupWindowlessSessions - Asynchronous Sessions clean-up phase starting NOW
[INFO  - 2016-05-02T22:23:11.924Z] SessionManagerReqHand - _cleanupWindowlessSessions - Asynchronous Sessions clean-up phase starting NOW
[INFO  - 2016-05-02T22:28:11.925Z] SessionManagerReqHand - _cleanupWindowlessSessions - Asynchronous Sessions clean-up phase starting NOW
[INFO  - 2016-05-02T22:33:11.925Z] SessionManagerReqHand - _cleanupWindowlessSessions - Asynchronous Sessions clean-up phase starting NOW
[INFO  - 2016-05-02T22:38:11.971Z] SessionManagerReqHand - _cleanupWindowlessSessions - Asynchronous Sessions clean-up phase starting NOW
[INFO  - 2016-05-02T22:43:11.971Z] SessionManagerReqHand - _cleanupWindowlessSessions - Asynchronous Sessions clean-up phase starting NOW
[INFO  - 2016-05-02T22:48:12.013Z] SessionManagerReqHand - _cleanupWindowlessSessions - Asynchronous Sessions clean-up phase starting NOW
[INFO  - 2016-05-02T22:53:12.019Z] SessionManagerReqHand - _cleanupWindowlessSessions - Asynchronous Sessions clean-up phase starting NOW
[INFO  - 2016-05-02T22:58:12.019Z] SessionManagerReqHand - _cleanupWindowlessSessions - Asynchronous Sessions clean-up phase starting NOW
[INFO  - 2016-05-02T23:03:12.019Z] SessionManagerReqHand - _cleanupWindowlessSessions - Asynchronous Sessions clean-up phase starting NOW
[INFO  - 2016-05-02T23:08:12.019Z] SessionManagerReqHand - _cleanupWindowlessSessions - Asynchronous Sessions clean-up phase starting NOW
[INFO  - 2016-05-02T23:13:12.019Z] SessionManagerReqHand - _cleanupWindowlessSessions - Asynchronous Sessions clean-up phase starting NOW
[INFO  - 2016-05-02T23:18:12.019Z] SessionManagerReqHand - _cleanupWindowlessSessions - Asynchronous Sessions clean-up phase starting NOW
[INFO  - 2016-05-02T23:23:12.064Z] SessionManagerReqHand - _cleanupWindowlessSessions - Asynchronous Sessions clean-up phase starting NOW
[INFO  - 2016-05-02T23:28:12.064Z] SessionManagerReqHand - _cleanupWindowlessSessions - Asynchronous Sessions clean-up phase starting NOW
[INFO  - 2016-05-02T23:33:12.064Z] SessionManagerReqHand - _cleanupWindowlessSessions - Asynchronous Sessions clean-up phase starting NOW
[INFO  - 2016-05-02T23:38:12.064Z] SessionManagerReqHand - _cleanupWindowlessSessions - Asynchronous Sessions clean-up phase starting NOW
[INFO  - 2016-05-02T23:43:12.064Z] SessionManagerReqHand - _cleanupWindowlessSessions - Asynchronous Sessions clean-up phase starting NOW
[INFO  - 2016-05-02T23:48:12.064Z] SessionManagerReqHand - _cleanupWindowlessSessions - Asynchronous Sessions clean-up phase starting NOW
[INFO  - 2016-05-02T23:53:12.101Z] SessionManagerReqHand - _cleanupWindowlessSessions - Asynchronous Sessions clean-up phase starting NOW
[INFO  - 2016-05-02T23:58:12.101Z] SessionManagerReqHand - _cleanupWindowlessSessions - Asynchronous Sessions clean-up phase starting NOW
[INFO  - 2016-05-03T00:03:12.102Z] SessionManagerReqHand - _cleanupWindowlessSessions - Asynchronous Sessions clean-up phase starting NOW
d - _cleanupWindowlessSessions - Asynchronous Sessions clean-up phase starting NOW
[INFO  - 2016-05-02T23:24:24.229Z] SessionManagerReqHand - _cleanupWindowlessSessions - Asynchronous Sessions clean-up phase starting NOW
[INFO  - 2016-05-02T23:29:24.229Z] SessionManagerReqHand - _cleanupWindowlessSessions - Asynchronous Sessions clean-up phase starting NOW
[INFO  - 2016-05-02T23:34:24.230Z] SessionManagerReqHand - _cleanupWindowlessSessions - Asynchronous Sessions clean-up phase starting NOW
[INFO  - 2016-05-02T23:39:24.229Z] SessionManagerReqHand - _cleanupWindowlessSessions - Asynchronous Sessions clean-up phase starting NOW
[INFO  - 2016-05-02T23:44:24.230Z] SessionManagerReqHand - _cleanupWindowlessSessions - Asynchronous Sessions clean-up phase starting NOW
[INFO  - 2016-05-02T23:49:24.266Z] SessionManagerReqHand - _cleanupWindowlessSessions - Asynchronous Sessions clean-up phase starting NOW
[INFO  - 2016-05-02T23:54:24.266Z] SessionManagerReqHand - _cleanupWindowlessSessions - Asynchronous Sessions clean-up phase starting NOW
[INFO  - 2016-05-02T23:59:24.309Z] SessionManagerReqHand - _cleanupWindowlessSessions - Asynchronous Sessions clean-up phase starting NOW
[INFO  - 2016-05-03T00:04:24.309Z] SessionManagerReqHand - _cleanupWindowlessSessions - Asynchronous Sessions clean-up phase starting NOW
alse,"acceptSslCerts":false,"nativeEvents":true,"proxy":{"proxyType":"direct"}}
[INFO  - 2016-05-02T23:27:13.450Z] SessionManagerReqHand - _postNewSessionCommand - New Session Created: 6669ec60-10bd-11e6-bc0d-773e0d96ed13
[INFO  - 2016-05-02T23:27:25.147Z] ShutdownReqHand - _handle - About to shutdown
[INFO  - 2016-05-02T23:34:54.800Z] GhostDriver - Main - running on port 48544
[INFO  - 2016-05-02T23:34:55.023Z] Session [79885fb0-10be-11e6-8272-f58f71d79b98] - page.settings - {"XSSAuditingEnabled":false,"javascriptCanCloseWindows":true,"javascriptCanOpenWindows":true,"javascriptEnabled":true,"loadImages":true,"localToRemoteUrlAccessEnabled":false,"userAgent":"Mozilla/5.0 (Windows NT 6.1; WOW64) AppleWebKit/538.1 (KHTML, like Gecko) PhantomJS/2.1.1 Safari/538.1","webSecurityEnabled":true}
[INFO  - 2016-05-02T23:34:55.023Z] Session [79885fb0-10be-11e6-8272-f58f71d79b98] - page.customHeaders:  - {}
[INFO  - 2016-05-02T23:34:55.024Z] Session [79885fb0-10be-11e6-8272-f58f71d79b98] - Session.negotiatedCapabilities - {"browserName":"phantomjs","version":"2.1.1","driverName":"ghostdriver","driverVersion":"1.2.0","platform":"windows-7-32bit","javascriptEnabled":true,"takesScreenshot":true,"handlesAlerts":false,"databaseEnabled":false,"locationContextEnabled":false,"applicationCacheEnabled":false,"browserConnectionEnabled":false,"cssSelectorsEnabled":true,"webStorageEnabled":false,"rotatable":false,"acceptSslCerts":false,"nativeEvents":true,"proxy":{"proxyType":"direct"}}
[INFO  - 2016-05-02T23:34:55.024Z] SessionManagerReqHand - _postNewSessionCommand - New Session Created: 79885fb0-10be-11e6-8272-f58f71d79b98
[INFO  - 2016-05-02T23:35:07.058Z] ShutdownReqHand - _handle - About to shutdown
[INFO  - 2016-05-02T23:36:31.652Z] GhostDriver - Main - running on port 23296
[INFO  - 2016-05-02T23:36:31.879Z] Session [b3436d30-10be-11e6-9fea-d3a3e7156635] - page.settings - {"XSSAuditingEnabled":false,"javascriptCanCloseWindows":true,"javascriptCanOpenWindows":true,"javascriptEnabled":true,"loadImages":true,"localToRemoteUrlAccessEnabled":false,"userAgent":"Mozilla/5.0 (Windows NT 6.1; WOW64) AppleWebKit/538.1 (KHTML, like Gecko) PhantomJS/2.1.1 Safari/538.1","webSecurityEnabled":true}
[INFO  - 2016-05-02T23:36:31.879Z] Session [b3436d30-10be-11e6-9fea-d3a3e7156635] - page.customHeaders:  - {}
[INFO  - 2016-05-02T23:36:31.879Z] Session [b3436d30-10be-11e6-9fea-d3a3e7156635] - Session.negotiatedCapabilities - {"browserName":"phantomjs","version":"2.1.1","driverName":"ghostdriver","driverVersion":"1.2.0","platform":"windows-7-32bit","javascriptEnabled":true,"takesScreenshot":true,"handlesAlerts":false,"databaseEnabled":false,"locationContextEnabled":false,"applicationCacheEnabled":false,"browserConnectionEnabled":false,"cssSelectorsEnabled":true,"webStorageEnabled":false,"rotatable":false,"acceptSslCerts":false,"nativeEvents":true,"proxy":{"proxyType":"direct"}}
[INFO  - 2016-05-02T23:36:31.879Z] SessionManagerReqHand - _postNewSessionCommand - New Session Created: b3436d30-10be-11e6-9fea-d3a3e7156635
[INFO  - 2016-05-02T23:36:40.775Z] ShutdownReqHand - _handle - About to shutdown
[INFO  - 2016-05-02T23:37:57.404Z] GhostDriver - Main - running on port 39968
[INFO  - 2016-05-02T23:37:57.614Z] Session [e65d8ca0-10be-11e6-aa62-755dae5ec738] - page.settings - {"XSSAuditingEnabled":false,"javascriptCanCloseWindows":true,"javascriptCanOpenWindows":true,"javascriptEnabled":true,"loadImages":true,"localToRemoteUrlAccessEnabled":false,"userAgent":"Mozilla/5.0 (Windows NT 6.1; WOW64) AppleWebKit/538.1 (KHTML, like Gecko) PhantomJS/2.1.1 Safari/538.1","webSecurityEnabled":true}
[INFO  - 2016-05-02T23:37:57.614Z] Session [e65d8ca0-10be-11e6-aa62-755dae5ec738] - page.customHeaders:  - {}
[INFO  - 2016-05-02T23:37:57.615Z] Session [e65d8ca0-10be-11e6-aa62-755dae5ec738] - Session.negotiatedCapabilities - {"browserName":"phantomjs","version":"2.1.1","driverName":"ghostdriver","driverVersion":"1.2.0","platform":"windows-7-32bit","javascriptEnabled":true,"takesScreenshot":true,"handlesAlerts":false,"databaseEnabled":false,"locationContextEnabled":false,"applicationCacheEnabled":false,"browserConnectionEnabled":false,"cssSelectorsEnabled":true,"webStorageEnabled":false,"rotatable":false,"acceptSslCerts":false,"nativeEvents":true,"proxy":{"proxyType":"direct"}}
[INFO  - 2016-05-02T23:37:57.615Z] SessionManagerReqHand - _postNewSessionCommand - New Session Created: e65d8ca0-10be-11e6-aa62-755dae5ec738
[INFO  - 2016-05-02T23:38:06.560Z] ShutdownReqHand - _handle - About to shutdown
[INFO  - 2016-05-02T23:38:16.985Z] GhostDriver - Main - running on port 2948
[INFO  - 2016-05-02T23:38:17.199Z] Session [f209fbb0-10be-11e6-b576-45b62a8d3b25] - page.settings - {"XSSAuditingEnabled":false,"javascriptCanCloseWindows":true,"javascriptCanOpenWindows":true,"javascriptEnabled":true,"loadImages":true,"localToRemoteUrlAccessEnabled":false,"userAgent":"Mozilla/5.0 (Windows NT 6.1; WOW64) AppleWebKit/538.1 (KHTML, like Gecko) PhantomJS/2.1.1 Safari/538.1","webSecurityEnabled":true}
[INFO  - 2016-05-02T23:38:17.199Z] Session [f209fbb0-10be-11e6-b576-45b62a8d3b25] - page.customHeaders:  - {}
[INFO  - 2016-05-02T23:38:17.199Z] Session [f209fbb0-10be-11e6-b576-45b62a8d3b25] - Session.negotiatedCapabilities - {"browserName":"phantomjs","version":"2.1.1","driverName":"ghostdriver","driverVersion":"1.2.0","platform":"windows-7-32bit","javascriptEnabled":true,"takesScreenshot":true,"handlesAlerts":false,"databaseEnabled":false,"locationContextEnabled":false,"applicationCacheEnabled":false,"browserConnectionEnabled":false,"cssSelectorsEnabled":true,"webStorageEnabled":false,"rotatable":false,"acceptSslCerts":false,"nativeEvents":true,"proxy":{"proxyType":"direct"}}
[INFO  - 2016-05-02T23:38:17.199Z] SessionManagerReqHand - _postNewSessionCommand - New Session Created: f209fbb0-10be-11e6-b576-45b62a8d3b25
[INFO  - 2016-05-02T23:38:26.087Z] ShutdownReqHand - _handle - About to shutdown
[INFO  - 2016-05-02T23:42:03.495Z] GhostDriver - Main - running on port 25741
[INFO  - 2016-05-02T23:42:03.720Z] Session [790e5840-10bf-11e6-bafe-e1fbb34a9bf6] - page.settings - {"XSSAuditingEnabled":false,"javascriptCanCloseWindows":true,"javascriptCanOpenWindows":true,"javascriptEnabled":true,"loadImages":true,"localToRemoteUrlAccessEnabled":false,"userAgent":"Mozilla/5.0 (Windows NT 6.1; WOW64) AppleWebKit/538.1 (KHTML, like Gecko) PhantomJS/2.1.1 Safari/538.1","webSecurityEnabled":true}
[INFO  - 2016-05-02T23:42:03.720Z] Session [790e5840-10bf-11e6-bafe-e1fbb34a9bf6] - page.customHeaders:  - {}
[INFO  - 2016-05-02T23:42:03.720Z] Session [790e5840-10bf-11e6-bafe-e1fbb34a9bf6] - Session.negotiatedCapabilities - {"browserName":"phantomjs","version":"2.1.1","driverName":"ghostdriver","driverVersion":"1.2.0","platform":"windows-7-32bit","javascriptEnabled":true,"takesScreenshot":true,"handlesAlerts":false,"databaseEnabled":false,"locationContextEnabled":false,"applicationCacheEnabled":false,"browserConnectionEnabled":false,"cssSelectorsEnabled":true,"webStorageEnabled":false,"rotatable":false,"acceptSslCerts":false,"nativeEvents":true,"proxy":{"proxyType":"direct"}}
[INFO  - 2016-05-02T23:42:03.720Z] SessionManagerReqHand - _postNewSessionCommand - New Session Created: 790e5840-10bf-11e6-bafe-e1fbb34a9bf6
[INFO  - 2016-05-02T23:42:12.862Z] ShutdownReqHand - _handle - About to shutdown
[INFO  - 2016-05-02T23:42:57.830Z] GhostDriver - Main - running on port 32513
[INFO  - 2016-05-02T23:42:58.056Z] Session [99715c40-10bf-11e6-86ff-cd8d9bbcd1aa] - page.settings - {"XSSAuditingEnabled":false,"javascriptCanCloseWindows":true,"javascriptCanOpenWindows":true,"javascriptEnabled":true,"loadImages":true,"localToRemoteUrlAccessEnabled":false,"userAgent":"Mozilla/5.0 (Windows NT 6.1; WOW64) AppleWebKit/538.1 (KHTML, like Gecko) PhantomJS/2.1.1 Safari/538.1","webSecurityEnabled":true}
[INFO  - 2016-05-02T23:42:58.056Z] Session [99715c40-10bf-11e6-86ff-cd8d9bbcd1aa] - page.customHeaders:  - {}
[INFO  - 2016-05-02T23:42:58.056Z] Session [99715c40-10bf-11e6-86ff-cd8d9bbcd1aa] - Session.negotiatedCapabilities - {"browserName":"phantomjs","version":"2.1.1","driverName":"ghostdriver","driverVersion":"1.2.0","platform":"windows-7-32bit","javascriptEnabled":true,"takesScreenshot":true,"handlesAlerts":false,"databaseEnabled":false,"locationContextEnabled":false,"applicationCacheEnabled":false,"browserConnectionEnabled":false,"cssSelectorsEnabled":true,"webStorageEnabled":false,"rotatable":false,"acceptSslCerts":false,"nativeEvents":true,"proxy":{"proxyType":"direct"}}
[INFO  - 2016-05-02T23:42:58.056Z] SessionManagerReqHand - _postNewSessionCommand - New Session Created: 99715c40-10bf-11e6-86ff-cd8d9bbcd1aa
[INFO  - 2016-05-02T23:43:06.942Z] ShutdownReqHand - _handle - About to shutdown
[INFO  - 2016-05-02T23:46:10.621Z] GhostDriver - Main - running on port 44595
[INFO  - 2016-05-02T23:46:10.843Z] Session [0c5a5270-10c0-11e6-94dd-75c1a7febb87] - page.settings - {"XSSAuditingEnabled":false,"javascriptCanCloseWindows":true,"javascriptCanOpenWindows":true,"javascriptEnabled":true,"loadImages":true,"localToRemoteUrlAccessEnabled":false,"userAgent":"Mozilla/5.0 (Windows NT 6.1; WOW64) AppleWebKit/538.1 (KHTML, like Gecko) PhantomJS/2.1.1 Safari/538.1","webSecurityEnabled":true}
[INFO  - 2016-05-02T23:46:10.843Z] Session [0c5a5270-10c0-11e6-94dd-75c1a7febb87] - page.customHeaders:  - {}
[INFO  - 2016-05-02T23:46:10.843Z] Session [0c5a5270-10c0-11e6-94dd-75c1a7febb87] - Session.negotiatedCapabilities - {"browserName":"phantomjs","version":"2.1.1","driverName":"ghostdriver","driverVersion":"1.2.0","platform":"windows-7-32bit","javascriptEnabled":true,"takesScreenshot":true,"handlesAlerts":false,"databaseEnabled":false,"locationContextEnabled":false,"applicationCacheEnabled":false,"browserConnectionEnabled":false,"cssSelectorsEnabled":true,"webStorageEnabled":false,"rotatable":false,"acceptSslCerts":false,"nativeEvents":true,"proxy":{"proxyType":"direct"}}
[INFO  - 2016-05-02T23:46:10.843Z] SessionManagerReqHand - _postNewSessionCommand - New Session Created: 0c5a5270-10c0-11e6-94dd-75c1a7febb87
[INFO  - 2016-05-02T23:46:17.916Z] ShutdownReqHand - _handle - About to shutdown
[INFO  - 2016-05-02T23:46:51.955Z] GhostDriver - Main - running on port 9830
[INFO  - 2016-05-02T23:46:52.177Z] Session [24fd63d0-10c0-11e6-bc36-4f4e948262ca] - page.settings - {"XSSAuditingEnabled":false,"javascriptCanCloseWindows":true,"javascriptCanOpenWindows":true,"javascriptEnabled":true,"loadImages":true,"localToRemoteUrlAccessEnabled":false,"userAgent":"Mozilla/5.0 (Windows NT 6.1; WOW64) AppleWebKit/538.1 (KHTML, like Gecko) PhantomJS/2.1.1 Safari/538.1","webSecurityEnabled":true}
[INFO  - 2016-05-02T23:46:52.177Z] Session [24fd63d0-10c0-11e6-bc36-4f4e948262ca] - page.customHeaders:  - {}
[INFO  - 2016-05-02T23:46:52.177Z] Session [24fd63d0-10c0-11e6-bc36-4f4e948262ca] - Session.negotiatedCapabilities - {"browserName":"phantomjs","version":"2.1.1","driverName":"ghostdriver","driverVersion":"1.2.0","platform":"windows-7-32bit","javascriptEnabled":true,"takesScreenshot":true,"handlesAlerts":false,"databaseEnabled":false,"locationContextEnabled":false,"applicationCacheEnabled":false,"browserConnectionEnabled":false,"cssSelectorsEnabled":true,"webStorageEnabled":false,"rotatable":false,"acceptSslCerts":false,"nativeEvents":true,"proxy":{"proxyType":"direct"}}
[INFO  - 2016-05-02T23:46:52.177Z] SessionManagerReqHand - _postNewSessionCommand - New Session Created: 24fd63d0-10c0-11e6-bc36-4f4e948262ca
[INFO  - 2016-05-02T23:46:58.975Z] ShutdownReqHand - _handle - About to shutdown
[INFO  - 2016-05-02T23:47:51.689Z] GhostDriver - Main - running on port 14848
[INFO  - 2016-05-02T23:47:51.914Z] Session [48988860-10c0-11e6-a815-5fdb0b3a033f] - page.settings - {"XSSAuditingEnabled":false,"javascriptCanCloseWindows":true,"javascriptCanOpenWindows":true,"javascriptEnabled":true,"loadImages":true,"localToRemoteUrlAccessEnabled":false,"userAgent":"Mozilla/5.0 (Windows NT 6.1; WOW64) AppleWebKit/538.1 (KHTML, like Gecko) PhantomJS/2.1.1 Safari/538.1","webSecurityEnabled":true}
[INFO  - 2016-05-02T23:47:51.915Z] Session [48988860-10c0-11e6-a815-5fdb0b3a033f] - page.customHeaders:  - {}
[INFO  - 2016-05-02T23:47:51.915Z] Session [48988860-10c0-11e6-a815-5fdb0b3a033f] - Session.negotiatedCapabilities - {"browserName":"phantomjs","version":"2.1.1","driverName":"ghostdriver","driverVersion":"1.2.0","platform":"windows-7-32bit","javascriptEnabled":true,"takesScreenshot":true,"handlesAlerts":false,"databaseEnabled":false,"locationContextEnabled":false,"applicationCacheEnabled":false,"browserConnectionEnabled":false,"cssSelectorsEnabled":true,"webStorageEnabled":false,"rotatable":false,"acceptSslCerts":false,"nativeEvents":true,"proxy":{"proxyType":"direct"}}
[INFO  - 2016-05-02T23:47:51.915Z] SessionManagerReqHand - _postNewSessionCommand - New Session Created: 48988860-10c0-11e6-a815-5fdb0b3a033f
[INFO  - 2016-05-02T23:47:54.430Z] ShutdownReqHand - _handle - About to shutdown
[INFO  - 2016-05-02T23:50:00.409Z] GhostDriver - Main - running on port 4270
[INFO  - 2016-05-02T23:50:00.627Z] Session [955093f0-10c0-11e6-a45b-3572f10a26ce] - page.settings - {"XSSAuditingEnabled":false,"javascriptCanCloseWindows":true,"javascriptCanOpenWindows":true,"javascriptEnabled":true,"loadImages":true,"localToRemoteUrlAccessEnabled":false,"userAgent":"Mozilla/5.0 (Windows NT 6.1; WOW64) AppleWebKit/538.1 (KHTML, like Gecko) PhantomJS/2.1.1 Safari/538.1","webSecurityEnabled":true}
[INFO  - 2016-05-02T23:50:00.628Z] Session [955093f0-10c0-11e6-a45b-3572f10a26ce] - page.customHeaders:  - {}
[INFO  - 2016-05-02T23:50:00.628Z] Session [955093f0-10c0-11e6-a45b-3572f10a26ce] - Session.negotiatedCapabilities - {"browserName":"phantomjs","version":"2.1.1","driverName":"ghostdriver","driverVersion":"1.2.0","platform":"windows-7-32bit","javascriptEnabled":true,"takesScreenshot":true,"handlesAlerts":false,"databaseEnabled":false,"locationContextEnabled":false,"applicationCacheEnabled":false,"browserConnectionEnabled":false,"cssSelectorsEnabled":true,"webStorageEnabled":false,"rotatable":false,"acceptSslCerts":false,"nativeEvents":true,"proxy":{"proxyType":"direct"}}
[INFO  - 2016-05-02T23:50:00.628Z] SessionManagerReqHand - _postNewSessionCommand - New Session Created: 955093f0-10c0-11e6-a45b-3572f10a26ce
[INFO  - 2016-05-02T23:50:03.256Z] ShutdownReqHand - _handle - About to shutdown
[INFO  - 2016-05-02T23:50:17.836Z] GhostDriver - Main - running on port 33393
[INFO  - 2016-05-02T23:50:18.056Z] Session [9fb40840-10c0-11e6-b734-11ca55c3e951] - page.settings - {"XSSAuditingEnabled":false,"javascriptCanCloseWindows":true,"javascriptCanOpenWindows":true,"javascriptEnabled":true,"loadImages":true,"localToRemoteUrlAccessEnabled":false,"userAgent":"Mozilla/5.0 (Windows NT 6.1; WOW64) AppleWebKit/538.1 (KHTML, like Gecko) PhantomJS/2.1.1 Safari/538.1","webSecurityEnabled":true}
[INFO  - 2016-05-02T23:50:18.056Z] Session [9fb40840-10c0-11e6-b734-11ca55c3e951] - page.customHeaders:  - {}
[INFO  - 2016-05-02T23:50:18.056Z] Session [9fb40840-10c0-11e6-b734-11ca55c3e951] - Session.negotiatedCapabilities - {"browserName":"phantomjs","version":"2.1.1","driverName":"ghostdriver","driverVersion":"1.2.0","platform":"windows-7-32bit","javascriptEnabled":true,"takesScreenshot":true,"handlesAlerts":false,"databaseEnabled":false,"locationContextEnabled":false,"applicationCacheEnabled":false,"browserConnectionEnabled":false,"cssSelectorsEnabled":true,"webStorageEnabled":false,"rotatable":false,"acceptSslCerts":false,"nativeEvents":true,"proxy":{"proxyType":"direct"}}
[INFO  - 2016-05-02T23:50:18.057Z] SessionManagerReqHand - _postNewSessionCommand - New Session Created: 9fb40840-10c0-11e6-b734-11ca55c3e951
[INFO  - 2016-05-02T23:50:27.227Z] ShutdownReqHand - _handle - About to shutdown
[INFO  - 2016-05-02T23:53:25.499Z] GhostDriver - Main - running on port 42289
[INFO  - 2016-05-02T23:53:25.732Z] Session [0f911e00-10c1-11e6-a1de-c19dbd2881c4] - page.settings - {"XSSAuditingEnabled":false,"javascriptCanCloseWindows":true,"javascriptCanOpenWindows":true,"javascriptEnabled":true,"loadImages":true,"localToRemoteUrlAccessEnabled":false,"userAgent":"Mozilla/5.0 (Windows NT 6.1; WOW64) AppleWebKit/538.1 (KHTML, like Gecko) PhantomJS/2.1.1 Safari/538.1","webSecurityEnabled":true}
[INFO  - 2016-05-02T23:53:25.732Z] Session [0f911e00-10c1-11e6-a1de-c19dbd2881c4] - page.customHeaders:  - {}
[INFO  - 2016-05-02T23:53:25.732Z] Session [0f911e00-10c1-11e6-a1de-c19dbd2881c4] - Session.negotiatedCapabilities - {"browserName":"phantomjs","version":"2.1.1","driverName":"ghostdriver","driverVersion":"1.2.0","platform":"windows-7-32bit","javascriptEnabled":true,"takesScreenshot":true,"handlesAlerts":false,"databaseEnabled":false,"locationContextEnabled":false,"applicationCacheEnabled":false,"browserConnectionEnabled":false,"cssSelectorsEnabled":true,"webStorageEnabled":false,"rotatable":false,"acceptSslCerts":false,"nativeEvents":true,"proxy":{"proxyType":"direct"}}
[INFO  - 2016-05-02T23:53:25.732Z] SessionManagerReqHand - _postNewSessionCommand - New Session Created: 0f911e00-10c1-11e6-a1de-c19dbd2881c4
[INFO  - 2016-05-02T23:53:51.990Z] ShutdownReqHand - _handle - About to shutdown
[INFO  - 2016-05-02T23:55:25.419Z] GhostDriver - Main - running on port 40898
[INFO  - 2016-05-02T23:55:25.656Z] Session [570c1140-10c1-11e6-9f33-69180414e853] - page.settings - {"XSSAuditingEnabled":false,"javascriptCanCloseWindows":true,"javascriptCanOpenWindows":true,"javascriptEnabled":true,"loadImages":true,"localToRemoteUrlAccessEnabled":false,"userAgent":"Mozilla/5.0 (Windows NT 6.1; WOW64) AppleWebKit/538.1 (KHTML, like Gecko) PhantomJS/2.1.1 Safari/538.1","webSecurityEnabled":true}
[INFO  - 2016-05-02T23:55:25.657Z] Session [570c1140-10c1-11e6-9f33-69180414e853] - page.customHeaders:  - {}
[INFO  - 2016-05-02T23:55:25.657Z] Session [570c1140-10c1-11e6-9f33-69180414e853] - Session.negotiatedCapabilities - {"browserName":"phantomjs","version":"2.1.1","driverName":"ghostdriver","driverVersion":"1.2.0","platform":"windows-7-32bit","javascriptEnabled":true,"takesScreenshot":true,"handlesAlerts":false,"databaseEnabled":false,"locationContextEnabled":false,"applicationCacheEnabled":false,"browserConnectionEnabled":false,"cssSelectorsEnabled":true,"webStorageEnabled":false,"rotatable":false,"acceptSslCerts":false,"nativeEvents":true,"proxy":{"proxyType":"direct"}}
[INFO  - 2016-05-02T23:55:25.657Z] SessionManagerReqHand - _postNewSessionCommand - New Session Created: 570c1140-10c1-11e6-9f33-69180414e853
[INFO  - 2016-05-02T23:55:34.651Z] ShutdownReqHand - _handle - About to shutdown
[INFO  - 2016-05-03T00:00:59.233Z] GhostDriver - Main - running on port 40143
[INFO  - 2016-05-03T00:00:59.914Z] Session [1e47ca60-10c2-11e6-9e6e-9500a2a70fe3] - page.settings - {"XSSAuditingEnabled":false,"javascriptCanCloseWindows":true,"javascriptCanOpenWindows":true,"javascriptEnabled":true,"loadImages":true,"localToRemoteUrlAccessEnabled":false,"userAgent":"Mozilla/5.0 (Windows NT 6.1; WOW64) AppleWebKit/538.1 (KHTML, like Gecko) PhantomJS/2.1.1 Safari/538.1","webSecurityEnabled":true}
[INFO  - 2016-05-03T00:00:59.914Z] Session [1e47ca60-10c2-11e6-9e6e-9500a2a70fe3] - page.customHeaders:  - {}
[INFO  - 2016-05-03T00:00:59.914Z] Session [1e47ca60-10c2-11e6-9e6e-9500a2a70fe3] - Session.negotiatedCapabilities - {"browserName":"phantomjs","version":"2.1.1","driverName":"ghostdriver","driverVersion":"1.2.0","platform":"windows-7-32bit","javascriptEnabled":true,"takesScreenshot":true,"handlesAlerts":false,"databaseEnabled":false,"locationContextEnabled":false,"applicationCacheEnabled":false,"browserConnectionEnabled":false,"cssSelectorsEnabled":true,"webStorageEnabled":false,"rotatable":false,"acceptSslCerts":false,"nativeEvents":true,"proxy":{"proxyType":"direct"}}
[INFO  - 2016-05-03T00:00:59.914Z] SessionManagerReqHand - _postNewSessionCommand - New Session Created: 1e47ca60-10c2-11e6-9e6e-9500a2a70fe3
[INFO  - 2016-05-03T00:01:09.053Z] ShutdownReqHand - _handle - About to shutdown
[INFO  - 2016-05-03T00:03:30.580Z] GhostDriver - Main - running on port 43166
[INFO  - 2016-05-03T00:03:30.796Z] Session [7836b590-10c2-11e6-b6b7-17932a444a7f] - page.settings - {"XSSAuditingEnabled":false,"javascriptCanCloseWindows":true,"javascriptCanOpenWindows":true,"javascriptEnabled":true,"loadImages":true,"localToRemoteUrlAccessEnabled":false,"userAgent":"Mozilla/5.0 (Windows NT 6.1; WOW64) AppleWebKit/538.1 (KHTML, like Gecko) PhantomJS/2.1.1 Safari/538.1","webSecurityEnabled":true}
[INFO  - 2016-05-03T00:03:30.797Z] Session [7836b590-10c2-11e6-b6b7-17932a444a7f] - page.customHeaders:  - {}
[INFO  - 2016-05-03T00:03:30.797Z] Session [7836b590-10c2-11e6-b6b7-17932a444a7f] - Session.negotiatedCapabilities - {"browserName":"phantomjs","version":"2.1.1","driverName":"ghostdriver","driverVersion":"1.2.0","platform":"windows-7-32bit","javascriptEnabled":true,"takesScreenshot":true,"handlesAlerts":false,"databaseEnabled":false,"locationContextEnabled":false,"applicationCacheEnabled":false,"browserConnectionEnabled":false,"cssSelectorsEnabled":true,"webStorageEnabled":false,"rotatable":false,"acceptSslCerts":false,"nativeEvents":true,"proxy":{"proxyType":"direct"}}
[INFO  - 2016-05-03T00:03:30.797Z] SessionManagerReqHand - _postNewSessionCommand - New Session Created: 7836b590-10c2-11e6-b6b7-17932a444a7f
[INFO  - 2016-05-03T00:03:39.700Z] ShutdownReqHand - _handle - About to shutdown
[INFO  - 2016-05-03T00:04:57.776Z] GhostDriver - Main - running on port 18325
[INFO  - 2016-05-03T00:04:57.978Z] Session [ac2d7960-10c2-11e6-9d2d-13a0c521f5e7] - page.settings - {"XSSAuditingEnabled":false,"javascriptCanCloseWindows":true,"javascriptCanOpenWindows":true,"javascriptEnabled":true,"loadImages":true,"localToRemoteUrlAccessEnabled":false,"userAgent":"Mozilla/5.0 (Windows NT 6.1; WOW64) AppleWebKit/538.1 (KHTML, like Gecko) PhantomJS/2.1.1 Safari/538.1","webSecurityEnabled":true}
[INFO  - 2016-05-03T00:04:57.978Z] Session [ac2d7960-10c2-11e6-9d2d-13a0c521f5e7] - page.customHeaders:  - {}
[INFO  - 2016-05-03T00:04:57.978Z] Session [ac2d7960-10c2-11e6-9d2d-13a0c521f5e7] - Session.negotiatedCapabilities - {"browserName":"phantomjs","version":"2.1.1","driverName":"ghostdriver","driverVersion":"1.2.0","platform":"windows-7-32bit","javascriptEnabled":true,"takesScreenshot":true,"handlesAlerts":false,"databaseEnabled":false,"locationContextEnabled":false,"applicationCacheEnabled":false,"browserConnectionEnabled":false,"cssSelectorsEnabled":true,"webStorageEnabled":false,"rotatable":false,"acceptSslCerts":false,"nativeEvents":true,"proxy":{"proxyType":"direct"}}
[INFO  - 2016-05-03T00:04:57.978Z] SessionManagerReqHand - _postNewSessionCommand - New Session Created: ac2d7960-10c2-11e6-9d2d-13a0c521f5e7
[INFO  - 2016-05-03T00:05:07.450Z] GhostDriver - Main - running on port 48257
[INFO  - 2016-05-03T00:05:07.659Z] Session [b1f2ad70-10c2-11e6-a469-e5acc378a9a8] - page.settings - {"XSSAuditingEnabled":false,"javascriptCanCloseWindows":true,"javascriptCanOpenWindows":true,"javascriptEnabled":true,"loadImages":true,"localToRemoteUrlAccessEnabled":false,"userAgent":"Mozilla/5.0 (Windows NT 6.1; WOW64) AppleWebKit/538.1 (KHTML, like Gecko) PhantomJS/2.1.1 Safari/538.1","webSecurityEnabled":true}
[INFO  - 2016-05-03T00:05:07.659Z] Session [b1f2ad70-10c2-11e6-a469-e5acc378a9a8] - page.customHeaders:  - {}
[INFO  - 2016-05-03T00:05:07.659Z] Session [b1f2ad70-10c2-11e6-a469-e5acc378a9a8] - Session.negotiatedCapabilities - {"browserName":"phantomjs","version":"2.1.1","driverName":"ghostdriver","driverVersion":"1.2.0","platform":"windows-7-32bit","javascriptEnabled":true,"takesScreenshot":true,"handlesAlerts":false,"databaseEnabled":false,"locationContextEnabled":false,"applicationCacheEnabled":false,"browserConnectionEnabled":false,"cssSelectorsEnabled":true,"webStorageEnabled":false,"rotatable":false,"acceptSslCerts":false,"nativeEvents":true,"proxy":{"proxyType":"direct"}}
[INFO  - 2016-05-03T00:05:07.660Z] SessionManagerReqHand - _postNewSessionCommand - New Session Created: b1f2ad70-10c2-11e6-a469-e5acc378a9a8
[INFO  - 2016-05-03T00:05:16.575Z] ShutdownReqHand - _handle - About to shutdown
[INFO  - 2016-05-03T00:06:53.571Z] GhostDriver - Main - running on port 22748
[INFO  - 2016-05-03T00:06:53.785Z] Session [f1343850-10c2-11e6-be3c-c5da14d7426c] - page.settings - {"XSSAuditingEnabled":false,"javascriptCanCloseWindows":true,"javascriptCanOpenWindows":true,"javascriptEnabled":true,"loadImages":true,"localToRemoteUrlAccessEnabled":false,"userAgent":"Mozilla/5.0 (Windows NT 6.1; WOW64) AppleWebKit/538.1 (KHTML, like Gecko) PhantomJS/2.1.1 Safari/538.1","webSecurityEnabled":true}
[INFO  - 2016-05-03T00:06:53.785Z] Session [f1343850-10c2-11e6-be3c-c5da14d7426c] - page.customHeaders:  - {}
[INFO  - 2016-05-03T00:06:53.785Z] Session [f1343850-10c2-11e6-be3c-c5da14d7426c] - Session.negotiatedCapabilities - {"browserName":"phantomjs","version":"2.1.1","driverName":"ghostdriver","driverVersion":"1.2.0","platform":"windows-7-32bit","javascriptEnabled":true,"takesScreenshot":true,"handlesAlerts":false,"databaseEnabled":false,"locationContextEnabled":false,"applicationCacheEnabled":false,"browserConnectionEnabled":false,"cssSelectorsEnabled":true,"webStorageEnabled":false,"rotatable":false,"acceptSslCerts":false,"nativeEvents":true,"proxy":{"proxyType":"direct"}}
[INFO  - 2016-05-03T00:06:53.785Z] SessionManagerReqHand - _postNewSessionCommand - New Session Created: f1343850-10c2-11e6-be3c-c5da14d7426c
[INFO  - 2016-05-03T00:07:02.674Z] ShutdownReqHand - _handle - About to shutdown
[INFO  - 2016-05-03T00:07:12.475Z] GhostDriver - Main - running on port 29240
[INFO  - 2016-05-03T00:07:12.708Z] Session [fc7ba400-10c2-11e6-ba9c-19b1614eb08d] - page.settings - {"XSSAuditingEnabled":false,"javascriptCanCloseWindows":true,"javascriptCanOpenWindows":true,"javascriptEnabled":true,"loadImages":true,"localToRemoteUrlAccessEnabled":false,"userAgent":"Mozilla/5.0 (Windows NT 6.1; WOW64) AppleWebKit/538.1 (KHTML, like Gecko) PhantomJS/2.1.1 Safari/538.1","webSecurityEnabled":true}
[INFO  - 2016-05-03T00:07:12.708Z] Session [fc7ba400-10c2-11e6-ba9c-19b1614eb08d] - page.customHeaders:  - {}
[INFO  - 2016-05-03T00:07:12.708Z] Session [fc7ba400-10c2-11e6-ba9c-19b1614eb08d] - Session.negotiatedCapabilities - {"browserName":"phantomjs","version":"2.1.1","driverName":"ghostdriver","driverVersion":"1.2.0","platform":"windows-7-32bit","javascriptEnabled":true,"takesScreenshot":true,"handlesAlerts":false,"databaseEnabled":false,"locationContextEnabled":false,"applicationCacheEnabled":false,"browserConnectionEnabled":false,"cssSelectorsEnabled":true,"webStorageEnabled":false,"rotatable":false,"acceptSslCerts":false,"nativeEvents":true,"proxy":{"proxyType":"direct"}}
[INFO  - 2016-05-03T00:07:12.708Z] SessionManagerReqHand - _postNewSessionCommand - New Session Created: fc7ba400-10c2-11e6-ba9c-19b1614eb08d
[INFO  - 2016-05-03T00:07:21.638Z] ShutdownReqHand - _handle - About to shutdown
